[debug] [2019-09-03T10:22:11.443Z] ----------------------------------------------------------------------
[debug] [2019-09-03T10:22:11.446Z] Command:       /usr/local/bin/node /usr/local/bin/firebase deploy
[debug] [2019-09-03T10:22:11.447Z] CLI Version:   7.3.0
[debug] [2019-09-03T10:22:11.447Z] Platform:      darwin
[debug] [2019-09-03T10:22:11.447Z] Node Version:  v10.16.3
[debug] [2019-09-03T10:22:11.448Z] Time:          Tue Sep 03 2019 17:22:11 GMT+0700 (Indochina Time)
[debug] [2019-09-03T10:22:11.448Z] ----------------------------------------------------------------------
[debug] 
[debug] [2019-09-03T10:22:11.460Z] > command requires scopes: ["email","openid","https://www.googleapis.com/auth/cloudplatformprojects.readonly","https://www.googleapis.com/auth/firebase","https://www.googleapis.com/auth/cloud-platform"]
[debug] [2019-09-03T10:22:11.461Z] > authorizing via signed-in user
[debug] [2019-09-03T10:22:11.461Z] [iam] checking project kha-face-recognition for permissions ["firebase.projects.get","firebasehosting.sites.update"]
[debug] [2019-09-03T10:22:11.464Z] > refreshing access token with scopes: ["email","https://www.googleapis.com/auth/cloud-platform","https://www.googleapis.com/auth/cloudplatformprojects.readonly","https://www.googleapis.com/auth/firebase","openid"]
[debug] [2019-09-03T10:22:11.464Z] >>> HTTP REQUEST POST https://www.googleapis.com/oauth2/v3/token  
 <request body omitted>
[debug] [2019-09-03T10:22:11.793Z] <<< HTTP RESPONSE 200
[debug] [2019-09-03T10:22:11.804Z] >>> HTTP REQUEST POST https://cloudresourcemanager.googleapis.com/v1/projects/kha-face-recognition:testIamPermissions  

[debug] [2019-09-03T10:22:13.073Z] <<< HTTP RESPONSE 200
[debug] [2019-09-03T10:22:13.076Z] >>> HTTP REQUEST GET https://firebase.googleapis.com/v1beta1/projects/kha-face-recognition  
 
[debug] [2019-09-03T10:22:13.776Z] <<< HTTP RESPONSE 200
[info] 
[info] === Deploying to 'kha-face-recognition'...
[info] 
[info] i  deploying hosting
[debug] [2019-09-03T10:22:13.780Z] >>> HTTP REQUEST POST https://firebasehosting.googleapis.com/v1beta1/sites/kha-face-recognition/versions  

[debug] [2019-09-03T10:22:15.975Z] <<< HTTP RESPONSE 200
[info] i  hosting[kha-face-recognition]: beginning deploy...
[info] i  hosting[kha-face-recognition]: found 19 files in build
[debug] [2019-09-03T10:22:15.989Z] [hosting] hash cache [YnVpbGQ] load error: lines is not defined
[debug] [2019-09-03T10:22:16.193Z] [hosting] hash cache [YnVpbGQ] stored for 19 files
[debug] [2019-09-03T10:22:16.193Z] [hosting][hash queue][FINAL]
[debug] [2019-09-03T10:22:16.193Z] >>> HTTP REQUEST POST https://firebasehosting.googleapis.com/v1beta1/sites/kha-face-recognition/versions/a1e547ef7d7e6905:populateFiles  
 <request body omitted>
